svpp: 08.10-s008: (c) Copyright 2006-2007 Cadence Design Systems, Inc.
TOOL:   svpp    08.10-s008 at Mai 12, 2009 at 16:28:25 BRT
svpp
        -outdir ./INCA_libs/irun.lnx86.08.10.nc/svpplib
        -l svpp.log
        -incdir .
        -incdir /usr/local/cds/ovm-2.0/src
        -incdir /home/usuario/Desktop/brazil-ip-uefs/src/verificacao/decodificadorAAC
Processing file ./tb.sv ...
  Processing file trans.svh ...
    Processing file /usr/local/cds/ovm-2.0/src/ovm.svh ...
      Processing file /usr/local/cds/ovm-2.0/src/ovm_macros.svh ...
        Processing file /usr/local/cds/ovm-2.0/src/macros/ovm_message_defines.svh ...
        Processing file /usr/local/cds/ovm-2.0/src/macros/ovm_phase_defines.svh ...
        Processing file /usr/local/cds/ovm-2.0/src/macros/ovm_object_defines.svh ...
        Processing file /usr/local/cds/ovm-2.0/src/macros/ovm_printer_defines.svh ...
        Processing file /usr/local/cds/ovm-2.0/src/macros/tlm_defines.svh ...
        Processing file /usr/local/cds/ovm-2.0/src/macros/ovm_sequence_defines.svh ...
        Processing file /usr/local/cds/ovm-2.0/src/compatibility/urm_macro_compatibility.svh ...
        Processing file /usr/local/cds/ovm-2.0/src/compatibility/urm_message_defines.svh ...
        Processing file /usr/local/cds/ovm-2.0/src/macros/ovm_layered_stimulus_defines.svh ...
      Processing file /usr/local/cds/ovm-2.0/src/base/base.svh ...
        Processing file /usr/local/cds/ovm-2.0/src/base/ovm_version.svh ...
        Processing file /usr/local/cds/ovm-2.0/src/base/ovm_misc.sv ...
          Processing file /usr/local/cds/ovm-2.0/src/base/ovm_misc.svh ...
        Processing file /usr/local/cds/ovm-2.0/src/base/ovm_report_defines.svh ...
        Processing file /usr/local/cds/ovm-2.0/src/base/ovm_object.sv ...
          Processing file /usr/local/cds/ovm-2.0/src/base/ovm_object.svh ...
            Processing file /usr/local/cds/ovm-2.0/src/base/ovm_object_globals.svh ...
          Processing file /usr/local/cds/ovm-2.0/src/base/ovm_printer.svh ...
          Processing file /usr/local/cds/ovm-2.0/src/base/ovm_packer.svh ...
        Processing file /usr/local/cds/ovm-2.0/src/base/ovm_printer.sv ...
        Processing file /usr/local/cds/ovm-2.0/src/base/ovm_packer.sv ...
        Processing file /usr/local/cds/ovm-2.0/src/base/ovm_event.sv ...
          Processing file /usr/local/cds/ovm-2.0/src/base/ovm_event.svh ...
        Processing file /usr/local/cds/ovm-2.0/src/base/ovm_report_server.svh ...
          Processing file /usr/local/cds/ovm-2.0/src/base/ovm_report_handler.svh ...
        Processing file /usr/local/cds/ovm-2.0/src/base/ovm_report_object.svh ...
        Processing file /usr/local/cds/ovm-2.0/src/base/ovm_report_global.svh ...
        Processing file /usr/local/cds/ovm-2.0/src/base/ovm_transaction.sv ...
          Processing file /usr/local/cds/ovm-2.0/src/base/ovm_transaction.svh ...
        Processing file /usr/local/cds/ovm-2.0/src/base/ovm_phases.sv ...
        Processing file /usr/local/cds/ovm-2.0/src/base/ovm_factory.sv ...
          Processing file /usr/local/cds/ovm-2.0/src/base/ovm_factory.svh ...
        Processing file /usr/local/cds/ovm-2.0/src/base/ovm_config.svh ...
        Processing file /usr/local/cds/ovm-2.0/src/base/ovm_component.sv ...
          Processing file /usr/local/cds/ovm-2.0/src/base/ovm_component.svh ...
            Processing file /usr/local/cds/ovm-2.0/src/compatibility/urm_message_compatibility.svh ...
          Processing file /usr/local/cds/ovm-2.0/src/base/ovm_root.svh ...
        Processing file /usr/local/cds/ovm-2.0/src/base/ovm_env.svh ...
        Processing file /usr/local/cds/ovm-2.0/src/base/ovm_registry.svh ...
        Processing file /usr/local/cds/ovm-2.0/src/base/ovm_extern_report_server.svh ...
        Processing file /usr/local/cds/ovm-2.0/src/compatibility/urm_message.sv ...
          Processing file /usr/local/cds/ovm-2.0/src/compatibility/urm_message.svh ...
      Processing file /usr/local/cds/ovm-2.0/src/tlm/tlm.svh ...
        Processing file /usr/local/cds/ovm-2.0/src/tlm/tlm_ifs.svh ...
        Processing file /usr/local/cds/ovm-2.0/src/tlm/sqr_ifs.svh ...
        Processing file /usr/local/cds/ovm-2.0/src/base/ovm_port_base.svh ...
          Processing file /usr/local/cds/ovm-2.0/src/compatibility/urm_port_compatibility.svh ...
        Processing file /usr/local/cds/ovm-2.0/src/tlm/tlm_imps.svh ...
        Processing file /usr/local/cds/ovm-2.0/src/tlm/ovm_imps.svh ...
        Processing file /usr/local/cds/ovm-2.0/src/tlm/ovm_ports.svh ...
        Processing file /usr/local/cds/ovm-2.0/src/tlm/ovm_exports.svh ...
        Processing file /usr/local/cds/ovm-2.0/src/tlm/tlm_fifo_base.svh ...
        Processing file /usr/local/cds/ovm-2.0/src/tlm/tlm_fifos.svh ...
        Processing file /usr/local/cds/ovm-2.0/src/tlm/tlm_req_rsp.svh ...
        Processing file /usr/local/cds/ovm-2.0/src/tlm/sqr_connections.svh ...
      Processing file /usr/local/cds/ovm-2.0/src/methodology/methodology.svh ...
        Processing file /usr/local/cds/ovm-2.0/src/methodology/ovm_pair.svh ...
        Processing file /usr/local/cds/ovm-2.0/src/methodology/ovm_policies.svh ...
        Processing file /usr/local/cds/ovm-2.0/src/methodology/ovm_in_order_comparator.svh ...
        Processing file /usr/local/cds/ovm-2.0/src/methodology/ovm_algorithmic_comparator.svh ...
        Processing file /usr/local/cds/ovm-2.0/src/methodology/ovm_random_stimulus.svh ...
        Processing file /usr/local/cds/ovm-2.0/src/methodology/ovm_subscriber.svh ...
        Processing file /usr/local/cds/ovm-2.0/src/methodology/sequences/ovm_sequence_item.svh ...
        Processing file /usr/local/cds/ovm-2.0/src/methodology/sequences/ovm_sequencer_base.svh ...
        Processing file /usr/local/cds/ovm-2.0/src/methodology/sequences/ovm_sequencer_analysis_fifo.svh ...
        Processing file /usr/local/cds/ovm-2.0/src/methodology/sequences/ovm_sequencer_param_base.svh ...
        Processing file /usr/local/cds/ovm-2.0/src/methodology/sequences/ovm_sequencer.svh ...
        Processing file /usr/local/cds/ovm-2.0/src/methodology/sequences/ovm_push_sequencer.svh ...
        Processing file /usr/local/cds/ovm-2.0/src/methodology/sequences/ovm_sequence_base.svh ...
        Processing file /usr/local/cds/ovm-2.0/src/methodology/sequences/ovm_sequence.svh ...
        Processing file /usr/local/cds/ovm-2.0/src/methodology/sequences/ovm_sequence_builtin.svh ...
          Processing file /usr/local/cds/ovm-2.0/src/methodology/ovm_meth_defines.svh ...
        Processing file /usr/local/cds/ovm-2.0/src/methodology/ovm_monitor.sv ...
          Processing file /usr/local/cds/ovm-2.0/src/methodology/ovm_monitor.svh ...
        Processing file /usr/local/cds/ovm-2.0/src/methodology/ovm_driver.svh ...
        Processing file /usr/local/cds/ovm-2.0/src/methodology/ovm_push_driver.svh ...
        Processing file /usr/local/cds/ovm-2.0/src/methodology/layered_stimulus/ovm_layered_stimulus.svh ...
          Processing file /usr/local/cds/ovm-2.0/src/methodology/layered_stimulus/ovm_scenario_driver.svh ...
          Processing file /usr/local/cds/ovm-2.0/src/methodology/layered_stimulus/ovm_scenario_controller.svh ...
          Processing file /usr/local/cds/ovm-2.0/src/methodology/layered_stimulus/ovm_scenario.svh ...
        Processing file /usr/local/cds/ovm-2.0/src/methodology/ovm_agent.sv ...
          Processing file /usr/local/cds/ovm-2.0/src/methodology/ovm_agent.svh ...
        Processing file /usr/local/cds/ovm-2.0/src/methodology/ovm_scoreboard.sv ...
          Processing file /usr/local/cds/ovm-2.0/src/methodology/ovm_scoreboard.svh ...
        Processing file /usr/local/cds/ovm-2.0/src/methodology/ovm_test.sv ...
          Processing file /usr/local/cds/ovm-2.0/src/methodology/ovm_test.svh ...
      Processing file /usr/local/cds/ovm-2.0/src/compatibility/compatibility.svh ...
        Processing file /usr/local/cds/ovm-2.0/src/compatibility/avm_compatibility.svh ...
        Processing file /usr/local/cds/ovm-2.0/src/compatibility/base_compatibility.svh ...
          Processing file /usr/local/cds/ovm-2.0/src/compatibility/urm_type_compatibility.svh ...
        Processing file /usr/local/cds/ovm-2.0/src/compatibility/urm_meth_compatibility.svh ...
    Processing file sdi.svh ...
    Processing file raw_data_block.svh ...
      Processing file single_channel_element.svh ...
        Processing file individual_channel_stream.svh ...
          Processing file section_data.svh ...
          Processing file scale_factor_data.svh ...
          Processing file spectral_data.svh ...
          Processing file ics_info.svh ...
        Processing file syntatic_element.svh ...
      Processing file channel_pair_element.svh ...
      Processing file data_stream_element.svh ...
      Processing file fill_element.svh ...
        Processing file extension_payload.svh ...
      Processing file program_config_element.svh ...
  Processing file pre_source.svh ...
  Processing file refmod_decodificadorAAC.svh ...
    Processing file AACHuffmanDecoder.svh ...
    Processing file reescalador.svh ...
    Processing file dequantizador.svh ...
    Processing file direct_imdct.sv ...
  Processing file sink.svh ...
