******** eTBc ***********
eTBc LOG FILE
Date:Jan 27 2009
Time:19:25:15
*************************

FILE BEGIN

WRITE TEXT BEGIN

WRITE TEXT END:

FILE ARGUMENTS BEGIN

FILE ARGUMENTS END

CURRENT FILE NAME:Makefile

WRITE TEXT BEGIN

WRITE TEXT END:

cov_work : tb.sv trans.svh pre_source.svh refmod_

$$(module.name) BEGIN

$$(module.name) END:overlap

WRITE TEXT BEGIN

WRITE TEXT END:.svh sink.svh 
	rm -rf cov_work; irun -ovmhome /usr/local/cds/ovm-2.0 -input tb.tcl -access +r -coverage functional tb.sv

clean :
	rm -rf cov_work INCA_libs .tb_cpld



END FILE BEGIN

END FILE END

WRITE TEXT BEGIN

WRITE TEXT END:

