irun: 08.10-s008: (c) Copyright 1995-2008 Cadence Design Systems, Inc.
TOOL:	irun	08.10-s008: Started on Apr 14, 2009 at 12:15:03 BRT
irun
	-ovmhome /usr/local/cds/ovm-2.0
	-input tb.tcl
	-access +r
	-coverage functional
	tb.sv
	gain.c
irun: *N,OVMW: The use of the -ovm option will automatically suppress the following warnings 
	PMBDVX
	BIGWIX
.
svpp: 08.10-s008: (c) Copyright 2006-2007 Cadence Design Systems, Inc.
Processing file ./tb.sv ...
  Processing file trans.svh ...
    Processing file /usr/local/cds/ovm-2.0/src/ovm.svh ...
      Processing file /usr/local/cds/ovm-2.0/src/ovm_macros.svh ...
        Processing file /usr/local/cds/ovm-2.0/src/macros/ovm_message_defines.svh ...
        Processing file /usr/local/cds/ovm-2.0/src/macros/ovm_phase_defines.svh ...
        Processing file /usr/local/cds/ovm-2.0/src/macros/ovm_object_defines.svh ...
        Processing file /usr/local/cds/ovm-2.0/src/macros/ovm_printer_defines.svh ...
        Processing file /usr/local/cds/ovm-2.0/src/macros/tlm_defines.svh ...
          Processing file /usr/local/cds/ovm-2.0/src/tlm/tlm_imps.svh ...
        Processing file /usr/local/cds/ovm-2.0/src/macros/ovm_sequence_defines.svh ...
        Processing file /usr/local/cds/ovm-2.0/src/compatibility/urm_macro_compatibility.svh ...
        Processing file /usr/local/cds/ovm-2.0/src/compatibility/urm_message_defines.svh ...
        Processing file /usr/local/cds/ovm-2.0/src/macros/ovm_layered_stimulus_defines.svh ...
      Processing file /usr/local/cds/ovm-2.0/src/base/base.svh ...
        Processing file /usr/local/cds/ovm-2.0/src/base/ovm_version.svh ...
        Processing file /usr/local/cds/ovm-2.0/src/base/ovm_misc.sv ...
          Processing file /usr/local/cds/ovm-2.0/src/base/ovm_misc.svh ...
        Processing file /usr/local/cds/ovm-2.0/src/base/ovm_report_defines.svh ...
        Processing file /usr/local/cds/ovm-2.0/src/base/ovm_object.sv ...
          Processing file /usr/local/cds/ovm-2.0/src/base/ovm_object.svh ...
            Processing file /usr/local/cds/ovm-2.0/src/base/ovm_object_globals.svh ...
          Processing file /usr/local/cds/ovm-2.0/src/base/ovm_printer.svh ...
          Processing file /usr/local/cds/ovm-2.0/src/base/ovm_packer.svh ...
        Processing file /usr/local/cds/ovm-2.0/src/base/ovm_printer.sv ...
        Processing file /usr/local/cds/ovm-2.0/src/base/ovm_packer.sv ...
        Processing file /usr/local/cds/ovm-2.0/src/base/ovm_event.sv ...
          Processing file /usr/local/cds/ovm-2.0/src/base/ovm_event.svh ...
        Processing file /usr/local/cds/ovm-2.0/src/base/ovm_report_server.svh ...
          Processing file /usr/local/cds/ovm-2.0/src/base/ovm_report_handler.svh ...
        Processing file /usr/local/cds/ovm-2.0/src/base/ovm_report_object.svh ...
        Processing file /usr/local/cds/ovm-2.0/src/base/ovm_report_global.svh ...
        Processing file /usr/local/cds/ovm-2.0/src/base/ovm_transaction.sv ...
          Processing file /usr/local/cds/ovm-2.0/src/base/ovm_transaction.svh ...
        Processing file /usr/local/cds/ovm-2.0/src/base/ovm_phases.sv ...
        Processing file /usr/local/cds/ovm-2.0/src/base/ovm_factory.sv ...
          Processing file /usr/local/cds/ovm-2.0/src/base/ovm_factory.svh ...
        Processing file /usr/local/cds/ovm-2.0/src/base/ovm_config.svh ...
        Processing file /usr/local/cds/ovm-2.0/src/base/ovm_component.sv ...
          Processing file /usr/local/cds/ovm-2.0/src/base/ovm_component.svh ...
            Processing file /usr/local/cds/ovm-2.0/src/compatibility/urm_message_compatibility.svh ...
          Processing file /usr/local/cds/ovm-2.0/src/base/ovm_root.svh ...
        Processing file /usr/local/cds/ovm-2.0/src/base/ovm_env.svh ...
        Processing file /usr/local/cds/ovm-2.0/src/base/ovm_registry.svh ...
        Processing file /usr/local/cds/ovm-2.0/src/base/ovm_extern_report_server.svh ...
        Processing file /usr/local/cds/ovm-2.0/src/compatibility/urm_message.sv ...
          Processing file /usr/local/cds/ovm-2.0/src/compatibility/urm_message.svh ...
      Processing file /usr/local/cds/ovm-2.0/src/tlm/tlm.svh ...
        Processing file /usr/local/cds/ovm-2.0/src/tlm/tlm_ifs.svh ...
        Processing file /usr/local/cds/ovm-2.0/src/tlm/sqr_ifs.svh ...
        Processing file /usr/local/cds/ovm-2.0/src/base/ovm_port_base.svh ...
          Processing file /usr/local/cds/ovm-2.0/src/compatibility/urm_port_compatibility.svh ...
        Processing file /usr/local/cds/ovm-2.0/src/tlm/ovm_imps.svh ...
        Processing file /usr/local/cds/ovm-2.0/src/tlm/ovm_ports.svh ...
        Processing file /usr/local/cds/ovm-2.0/src/tlm/ovm_exports.svh ...
        Processing file /usr/local/cds/ovm-2.0/src/tlm/tlm_fifo_base.svh ...
        Processing file /usr/local/cds/ovm-2.0/src/tlm/tlm_fifos.svh ...
        Processing file /usr/local/cds/ovm-2.0/src/tlm/tlm_req_rsp.svh ...
        Processing file /usr/local/cds/ovm-2.0/src/tlm/sqr_connections.svh ...
      Processing file /usr/local/cds/ovm-2.0/src/methodology/methodology.svh ...
        Processing file /usr/local/cds/ovm-2.0/src/methodology/ovm_pair.svh ...
        Processing file /usr/local/cds/ovm-2.0/src/methodology/ovm_policies.svh ...
        Processing file /usr/local/cds/ovm-2.0/src/methodology/ovm_in_order_comparator.svh ...
        Processing file /usr/local/cds/ovm-2.0/src/methodology/ovm_algorithmic_comparator.svh ...
        Processing file /usr/local/cds/ovm-2.0/src/methodology/ovm_random_stimulus.svh ...
        Processing file /usr/local/cds/ovm-2.0/src/methodology/ovm_subscriber.svh ...
        Processing file /usr/local/cds/ovm-2.0/src/methodology/sequences/ovm_sequence_item.svh ...
        Processing file /usr/local/cds/ovm-2.0/src/methodology/sequences/ovm_sequencer_base.svh ...
        Processing file /usr/local/cds/ovm-2.0/src/methodology/sequences/ovm_sequencer_analysis_fifo.svh ...
        Processing file /usr/local/cds/ovm-2.0/src/methodology/sequences/ovm_sequencer_param_base.svh ...
        Processing file /usr/local/cds/ovm-2.0/src/methodology/sequences/ovm_sequencer.svh ...
        Processing file /usr/local/cds/ovm-2.0/src/methodology/sequences/ovm_push_sequencer.svh ...
        Processing file /usr/local/cds/ovm-2.0/src/methodology/sequences/ovm_sequence_base.svh ...
        Processing file /usr/local/cds/ovm-2.0/src/methodology/sequences/ovm_sequence.svh ...
        Processing file /usr/local/cds/ovm-2.0/src/methodology/sequences/ovm_sequence_builtin.svh ...
          Processing file /usr/local/cds/ovm-2.0/src/methodology/ovm_meth_defines.svh ...
        Processing file /usr/local/cds/ovm-2.0/src/methodology/ovm_monitor.sv ...
          Processing file /usr/local/cds/ovm-2.0/src/methodology/ovm_monitor.svh ...
        Processing file /usr/local/cds/ovm-2.0/src/methodology/ovm_driver.svh ...
        Processing file /usr/local/cds/ovm-2.0/src/methodology/ovm_push_driver.svh ...
        Processing file /usr/local/cds/ovm-2.0/src/methodology/layered_stimulus/ovm_layered_stimulus.svh ...
          Processing file /usr/local/cds/ovm-2.0/src/methodology/layered_stimulus/ovm_scenario_driver.svh ...
          Processing file /usr/local/cds/ovm-2.0/src/methodology/layered_stimulus/ovm_scenario_controller.svh ...
          Processing file /usr/local/cds/ovm-2.0/src/methodology/layered_stimulus/ovm_scenario.svh ...
        Processing file /usr/local/cds/ovm-2.0/src/methodology/ovm_agent.sv ...
          Processing file /usr/local/cds/ovm-2.0/src/methodology/ovm_agent.svh ...
        Processing file /usr/local/cds/ovm-2.0/src/methodology/ovm_scoreboard.sv ...
          Processing file /usr/local/cds/ovm-2.0/src/methodology/ovm_scoreboard.svh ...
        Processing file /usr/local/cds/ovm-2.0/src/methodology/ovm_test.sv ...
          Processing file /usr/local/cds/ovm-2.0/src/methodology/ovm_test.svh ...
      Processing file /usr/local/cds/ovm-2.0/src/compatibility/compatibility.svh ...
        Processing file /usr/local/cds/ovm-2.0/src/compatibility/avm_compatibility.svh ...
        Processing file /usr/local/cds/ovm-2.0/src/compatibility/base_compatibility.svh ...
          Processing file /usr/local/cds/ovm-2.0/src/compatibility/urm_type_compatibility.svh ...
        Processing file /usr/local/cds/ovm-2.0/src/compatibility/urm_meth_compatibility.svh ...
    Processing file sdi.svh ...
  Processing file pre_source.svh ...
  Processing file refmod_reescalador.svh ...
  Processing file sink.svh ...

file: ./INCA_libs/irun.lnx86.08.10.nc/svpplib/tb.sv
	module worklib.tb:sv
		errors: 0, warnings: 0
$CDSROOT = /usr/local/cds/ius81
$TESTDIR = /home/eder/uefs/brazil-ip/testbenches/reescalador/reescalador/p1

TOOL:	ncsc	08.10-s008
ncsc cc parameters: 
	$CDSROOT/tools/systemc/gcc/4.1/bin/gcc
	-I$CDSROOT/tools/include
	-I$CDSROOT/tools/inca/include-DNCSC
	-c
	-x c  -Wall 

make[1]: Entrando no diret贸rio `/home/eder/uefs/brazil-ip/testbenches/reescalador/reescalador/p1'
ncsc: compiling $TESTDIR/gain.c

make[1]: Saindo do diret贸rio `/home/eder/uefs/brazil-ip/testbenches/reescalador/reescalador/p1'

make[1]: Entrando no diret贸rio `/home/eder/uefs/brazil-ip/testbenches/reescalador/reescalador/p1'
building library run.so
make[1]: Saindo do diret贸rio `/home/eder/uefs/brazil-ip/testbenches/reescalador/reescalador/p1'

		Caching library 'worklib' ....... Done
	Elaborating the design hierarchy:
	Top level design units:
		tb
	Building instance overlay tables: .................... Done
	Enabling instrumentation for coverage types: functional
	Generating native compiled code:
		worklib.tb:sv <0x5135fb20>
			streams: 2343, words: 6326533
	Loading native compiled code:     .................... Done
	Building instance specific data structures.
	Design hierarchy summary:
		             Instances  Unique
		Modules:             1       1
		Registers:        3715     275
		Named events:        2       -
		Always blocks:       1       1
		Initial blocks:    130      32
		Parallel blocks:    24       3
	Writing initial simulation snapshot: worklib.tb:sv
Loading snapshot worklib.tb:sv .................... Done
ncsim> source /usr/local/cds/ius81/tools/inca/files/ncsimrc
ncsim> source /usr/local/cds/ius81/tools/ovm/files/tcl/urm_sim.tcl
ncsim> set idmp 0
0
ncsim> proc covering {} {
>   upvar 1 idmp idmp 
>   rm -rf ./cov_work/design/$idmp
>   set idmp [expr {$idmp+1}]
>   coverage -dump $idmp
>   set fileId [open "cov.cmd" w]
>   puts $fileId "load_test $idmp\nreport_summary -cgopt tb\nquit\n\n"
>   close $fileId
>   exec iccr cov.cmd | grep DC > DC_log.txt 
>   set fileId [open "DC_log.txt" r]
>   set log [read $fileId]
>   close $fileId
>   if {[regexp "DC:  100%" $log] == 1} {
>     puts "================================= Coverage completed ================================="
>     quit
>   } else {
>     puts "Coverage $log"
>   }
> }
ncsim> stop -create -condition {#tb.cov == 1'b1} -execute covering -continue
Created stop 1
ncsim> run
SVSEED default: 1
----------------------------------------------------------------
OVM-2.0.1
(C) 2007-2008 Mentor Graphics Corporation
(C) 2007-2008 Cadence Design Systems, Inc.
----------------------------------------------------------------
SDI/Verilog Transaction Recording Facility Version 08.10-s007
OVM_INFO @ 0: reporter [RNTST] Running test ...
Open failed on file "tr.sti". No such file or directory
out:=1738341717.000000
out:=766042480.000000
out:=-879804774.000000
out:=1354251.000000
out:=10105.000000
out:=0.000000
out:=8417.000000
out:=6.000000
out:=-325614143.000000
out:=0.000000
out:=1.000000
out:=1534084161.000000
out:=-1811968137.000000
out:=62.000000
out:=150.000000
out:=32504.000000
out:=3251.000000
out:=6.000000
out:=-281018368.000000
out:=914357.000000
out:=25904591.000000
out:=5629.000000
out:=-1609699599.000000
out:=11.000000
out:=10767392.000000
out:=248664159.000000
out:=142.000000
out:=650432513.000000
out:=0.000000
out:=364917938.000000
out:=0.000000
out:=92690595.000000
out:=-2079402265.000000
out:=0.000000
out:=0.000000
out:=3.000000
out:=30659.000000
out:=0.000000
out:=4580504.000000
out:=27.000000
out:=80388.000000
out:=0.000000
out:=-1663542966.000000
out:=1637.000000
out:=-1727585983.000000
out:=1790144.000000
out:=1160636836.000000
out:=1099635790.000000
out:=-366870528.000000
out:=72.000000
out:=4.000000
out:=14.000000
out:=0.000000
out:=0.000000
out:=313.000000
out:=0.000000
out:=359.000000
out:=-2147483648.000000
out:=0.000000
out:=150319.000000
out:=0.000000
out:=0.000000
out:=0.000000
out:=0.000000
out:=3.000000
out:=256680.000000
out:=2137031365.000000
out:=4.000000
out:=1979830.000000
out:=3536.000000
out:=165.000000
out:=23.000000
out:=0.000000
out:=0.000000
out:=4.000000
out:=88111380.000000
out:=-1362998598.000000
out:=142838.000000
out:=-1020264448.000000
out:=0.000000
out:=-1842794767.000000
out:=0.000000
out:=2630482.000000
out:=8460.000000
out:=12.000000
out:=514137.000000
out:=829.000000
out:=159052513.000000
out:=0.000000
out:=3.000000
out:=68.000000
out:=89133056.000000
out:=0.000000
out:=316501.000000
out:=0.000000
out:=-1828716544.000000
out:=1249.000000
out:=-729808896.000000
out:=1.000000
out:=633839.000000
100 NS + 0 (stop 1: tb.cov = 1)

coverage setup:
  workdir  :  ./cov_work
  dutinst  :  tb(tb)
  design   :  design
  testname :  1

coverage files:
  model(design data) :  ./cov_work/design/00000000_47f80dba.model
  data               :  ./cov_work/design/1/icc.data
================================= Coverage completed =================================

coverage setup:
  workdir  :  ./cov_work
  dutinst  :  tb(tb)
  design   :  design
  testname :  test

coverage files:
  model(design data) :  ./cov_work/design/00000000_47f80dba.model (reused)
  data               :  ./cov_work/design/test/icc.data
TOOL:	irun	08.10-s008: Exiting on Apr 14, 2009 at 12:16:07 BRT  (total: 00:01:04)
