irun: 08.10-s008: (c) Copyright 1995-2008 Cadence Design Systems, Inc.
TOOL:	irun	08.10-s008: Started on Aug 15, 2009 at 18:26:23 BRT
irun
	-ovmhome /usr/local/cds/ovm-2.0
	-input tb.tcl
	-access +r
	-coverage functional
	tb.sv
irun: *N,OVMW: The use of the -ovm option will automatically suppress the following warnings 
	PMBDVX
	BIGWIX
.
svpp: 08.10-s008: (c) Copyright 2006-2007 Cadence Design Systems, Inc.
Processing file ./tb.sv ...
  Processing file trans.svh ...
    Processing file /usr/local/cds/ovm-2.0/src/ovm.svh ...
      Processing file /usr/local/cds/ovm-2.0/src/ovm_macros.svh ...
        Processing file /usr/local/cds/ovm-2.0/src/macros/ovm_message_defines.svh ...
        Processing file /usr/local/cds/ovm-2.0/src/macros/ovm_phase_defines.svh ...
        Processing file /usr/local/cds/ovm-2.0/src/macros/ovm_object_defines.svh ...
        Processing file /usr/local/cds/ovm-2.0/src/macros/ovm_printer_defines.svh ...
        Processing file /usr/local/cds/ovm-2.0/src/macros/tlm_defines.svh ...
        Processing file /usr/local/cds/ovm-2.0/src/macros/ovm_sequence_defines.svh ...
        Processing file /usr/local/cds/ovm-2.0/src/compatibility/urm_macro_compatibility.svh ...
        Processing file /usr/local/cds/ovm-2.0/src/compatibility/urm_message_defines.svh ...
        Processing file /usr/local/cds/ovm-2.0/src/macros/ovm_layered_stimulus_defines.svh ...
      Processing file /usr/local/cds/ovm-2.0/src/base/base.svh ...
        Processing file /usr/local/cds/ovm-2.0/src/base/ovm_version.svh ...
        Processing file /usr/local/cds/ovm-2.0/src/base/ovm_misc.sv ...
          Processing file /usr/local/cds/ovm-2.0/src/base/ovm_misc.svh ...
        Processing file /usr/local/cds/ovm-2.0/src/base/ovm_report_defines.svh ...
        Processing file /usr/local/cds/ovm-2.0/src/base/ovm_object.sv ...
          Processing file /usr/local/cds/ovm-2.0/src/base/ovm_object.svh ...
            Processing file /usr/local/cds/ovm-2.0/src/base/ovm_object_globals.svh ...
          Processing file /usr/local/cds/ovm-2.0/src/base/ovm_printer.svh ...
          Processing file /usr/local/cds/ovm-2.0/src/base/ovm_packer.svh ...
        Processing file /usr/local/cds/ovm-2.0/src/base/ovm_printer.sv ...
        Processing file /usr/local/cds/ovm-2.0/src/base/ovm_packer.sv ...
        Processing file /usr/local/cds/ovm-2.0/src/base/ovm_event.sv ...
          Processing file /usr/local/cds/ovm-2.0/src/base/ovm_event.svh ...
        Processing file /usr/local/cds/ovm-2.0/src/base/ovm_report_server.svh ...
          Processing file /usr/local/cds/ovm-2.0/src/base/ovm_report_handler.svh ...
        Processing file /usr/local/cds/ovm-2.0/src/base/ovm_report_object.svh ...
        Processing file /usr/local/cds/ovm-2.0/src/base/ovm_report_global.svh ...
        Processing file /usr/local/cds/ovm-2.0/src/base/ovm_transaction.sv ...
          Processing file /usr/local/cds/ovm-2.0/src/base/ovm_transaction.svh ...
        Processing file /usr/local/cds/ovm-2.0/src/base/ovm_phases.sv ...
        Processing file /usr/local/cds/ovm-2.0/src/base/ovm_factory.sv ...
          Processing file /usr/local/cds/ovm-2.0/src/base/ovm_factory.svh ...
        Processing file /usr/local/cds/ovm-2.0/src/base/ovm_config.svh ...
        Processing file /usr/local/cds/ovm-2.0/src/base/ovm_component.sv ...
          Processing file /usr/local/cds/ovm-2.0/src/base/ovm_component.svh ...
            Processing file /usr/local/cds/ovm-2.0/src/compatibility/urm_message_compatibility.svh ...
          Processing file /usr/local/cds/ovm-2.0/src/base/ovm_root.svh ...
        Processing file /usr/local/cds/ovm-2.0/src/base/ovm_env.svh ...
        Processing file /usr/local/cds/ovm-2.0/src/base/ovm_registry.svh ...
        Processing file /usr/local/cds/ovm-2.0/src/base/ovm_extern_report_server.svh ...
        Processing file /usr/local/cds/ovm-2.0/src/compatibility/urm_message.sv ...
          Processing file /usr/local/cds/ovm-2.0/src/compatibility/urm_message.svh ...
      Processing file /usr/local/cds/ovm-2.0/src/tlm/tlm.svh ...
        Processing file /usr/local/cds/ovm-2.0/src/tlm/tlm_ifs.svh ...
        Processing file /usr/local/cds/ovm-2.0/src/tlm/sqr_ifs.svh ...
        Processing file /usr/local/cds/ovm-2.0/src/base/ovm_port_base.svh ...
          Processing file /usr/local/cds/ovm-2.0/src/compatibility/urm_port_compatibility.svh ...
        Processing file /usr/local/cds/ovm-2.0/src/tlm/tlm_imps.svh ...
        Processing file /usr/local/cds/ovm-2.0/src/tlm/ovm_imps.svh ...
        Processing file /usr/local/cds/ovm-2.0/src/tlm/ovm_ports.svh ...
        Processing file /usr/local/cds/ovm-2.0/src/tlm/ovm_exports.svh ...
        Processing file /usr/local/cds/ovm-2.0/src/tlm/tlm_fifo_base.svh ...
        Processing file /usr/local/cds/ovm-2.0/src/tlm/tlm_fifos.svh ...
        Processing file /usr/local/cds/ovm-2.0/src/tlm/tlm_req_rsp.svh ...
        Processing file /usr/local/cds/ovm-2.0/src/tlm/sqr_connections.svh ...
      Processing file /usr/local/cds/ovm-2.0/src/methodology/methodology.svh ...
        Processing file /usr/local/cds/ovm-2.0/src/methodology/ovm_pair.svh ...
        Processing file /usr/local/cds/ovm-2.0/src/methodology/ovm_policies.svh ...
        Processing file /usr/local/cds/ovm-2.0/src/methodology/ovm_in_order_comparator.svh ...
        Processing file /usr/local/cds/ovm-2.0/src/methodology/ovm_algorithmic_comparator.svh ...
        Processing file /usr/local/cds/ovm-2.0/src/methodology/ovm_random_stimulus.svh ...
        Processing file /usr/local/cds/ovm-2.0/src/methodology/ovm_subscriber.svh ...
        Processing file /usr/local/cds/ovm-2.0/src/methodology/sequences/ovm_sequence_item.svh ...
        Processing file /usr/local/cds/ovm-2.0/src/methodology/sequences/ovm_sequencer_base.svh ...
        Processing file /usr/local/cds/ovm-2.0/src/methodology/sequences/ovm_sequencer_analysis_fifo.svh ...
        Processing file /usr/local/cds/ovm-2.0/src/methodology/sequences/ovm_sequencer_param_base.svh ...
        Processing file /usr/local/cds/ovm-2.0/src/methodology/sequences/ovm_sequencer.svh ...
        Processing file /usr/local/cds/ovm-2.0/src/methodology/sequences/ovm_push_sequencer.svh ...
        Processing file /usr/local/cds/ovm-2.0/src/methodology/sequences/ovm_sequence_base.svh ...
        Processing file /usr/local/cds/ovm-2.0/src/methodology/sequences/ovm_sequence.svh ...
        Processing file /usr/local/cds/ovm-2.0/src/methodology/sequences/ovm_sequence_builtin.svh ...
          Processing file /usr/local/cds/ovm-2.0/src/methodology/ovm_meth_defines.svh ...
        Processing file /usr/local/cds/ovm-2.0/src/methodology/ovm_monitor.sv ...
          Processing file /usr/local/cds/ovm-2.0/src/methodology/ovm_monitor.svh ...
        Processing file /usr/local/cds/ovm-2.0/src/methodology/ovm_driver.svh ...
        Processing file /usr/local/cds/ovm-2.0/src/methodology/ovm_push_driver.svh ...
        Processing file /usr/local/cds/ovm-2.0/src/methodology/layered_stimulus/ovm_layered_stimulus.svh ...
          Processing file /usr/local/cds/ovm-2.0/src/methodology/layered_stimulus/ovm_scenario_driver.svh ...
          Processing file /usr/local/cds/ovm-2.0/src/methodology/layered_stimulus/ovm_scenario_controller.svh ...
          Processing file /usr/local/cds/ovm-2.0/src/methodology/layered_stimulus/ovm_scenario.svh ...
        Processing file /usr/local/cds/ovm-2.0/src/methodology/ovm_agent.sv ...
          Processing file /usr/local/cds/ovm-2.0/src/methodology/ovm_agent.svh ...
        Processing file /usr/local/cds/ovm-2.0/src/methodology/ovm_scoreboard.sv ...
          Processing file /usr/local/cds/ovm-2.0/src/methodology/ovm_scoreboard.svh ...
        Processing file /usr/local/cds/ovm-2.0/src/methodology/ovm_test.sv ...
          Processing file /usr/local/cds/ovm-2.0/src/methodology/ovm_test.svh ...
      Processing file /usr/local/cds/ovm-2.0/src/compatibility/compatibility.svh ...
        Processing file /usr/local/cds/ovm-2.0/src/compatibility/avm_compatibility.svh ...
        Processing file /usr/local/cds/ovm-2.0/src/compatibility/base_compatibility.svh ...
          Processing file /usr/local/cds/ovm-2.0/src/compatibility/urm_type_compatibility.svh ...
        Processing file /usr/local/cds/ovm-2.0/src/compatibility/urm_meth_compatibility.svh ...
    Processing file sdi.svh ...
  Processing file source.svh ...
  Processing file refmod_overlap.svh ...
  Processing file checker.svh ...

file: ./INCA_libs/irun.lnx86.08.10.nc/svpplib/tb.sv
		Caching library 'worklib' ....... Done
	Elaborating the design hierarchy:
	Top level design units:
		tb
	Building instance overlay tables: .................... Done
	Enabling instrumentation for coverage types: functional
	Generating native compiled code:
		worklib.tb:sv <0x3cf1eb82>
			streams: 2317, words: 5988356
	Loading native compiled code:     .................... Done
	Building instance specific data structures.
	Design hierarchy summary:
		             Instances  Unique
		Modules:             1       1
		Registers:        3638     280
		Named events:        3       -
		Always blocks:       1       1
		Initial blocks:    131      52
		Parallel blocks:    24       3
	Writing initial simulation snapshot: worklib.tb:sv

Trying to check out license...
	Incisive_Verif_Engine 8.1 - Failed
	Incisive_Design_Team_Simulator 8.1 - Failed
	Incisive_Enterprise_Simulator 8.1 - Failed
ncsim: *F,NOLICN: Unable to checkout license for the simulation. (flag - 42) 'lic_error -97'.
TOOL:	irun	08.10-s008: Exiting on Aug 15, 2009 at 18:26:39 BRT  (total: 00:00:16)
